<?xml version="1.0" encoding="UTF-8"?>
<!-- Generated by org.testng.reporters.JUnitReportReporter -->
<testsuite hostname="DESKTOP-D716IJ6" failures="0" tests="1" name="testScripts.PlayCourseVideo" time="19.309" errors="0" timestamp="2023-02-21T10:53:23 IST" skipped="0">
  <testcase classname="testScripts.PlayCourseVideo" name="playVideo" time="19.309"/>
  <system-out/>
</testsuite> <!-- testScripts.PlayCourseVideo -->
