<?xml version="1.0" encoding="UTF-8"?>
<!-- Generated by org.testng.reporters.JUnitReportReporter -->
<testsuite hostname="DESKTOP-D716IJ6" failures="0" tests="1" name="testScripts.AddToCart" time="10.463" errors="0" timestamp="2023-02-22T08:23:16 IST" skipped="0">
  <testcase classname="testScripts.AddToCart" name="addCourseToCart" time="10.463"/>
  <system-out/>
</testsuite> <!-- testScripts.AddToCart -->
