<?xml version="1.0" encoding="UTF-8"?>
<!-- Generated by org.testng.reporters.JUnitReportReporter -->
<testsuite hostname="DESKTOP-D716IJ6" failures="0" tests="1" name="testScripts.DragNDrop" time="33.943" errors="0" timestamp="2023-02-21T09:29:03 IST" skipped="0">
  <testcase classname="testScripts.DragNDrop" name="dragNDropTheCourse" time="33.943"/>
  <system-out/>
</testsuite> <!-- testScripts.DragNDrop -->
