<?xml version="1.0" encoding="UTF-8"?>
<!-- Generated by org.testng.reporters.JUnitReportReporter -->
<testsuite hostname="DESKTOP-D716IJ6" failures="0" tests="1" name="testScripts.DragNDrop" time="24.156" errors="0" timestamp="2023-02-22T08:25:33 IST" skipped="0">
  <testcase classname="testScripts.DragNDrop" name="dragNDropTheCourse" time="24.156"/>
  <system-out/>
</testsuite> <!-- testScripts.DragNDrop -->
