<?xml version="1.0" encoding="UTF-8"?>
<!-- Generated by org.testng.reporters.JUnitReportReporter -->
<testsuite hostname="DESKTOP-D716IJ6" failures="0" tests="1" name="testScripts.PlayCourseVideo" time="29.593" errors="0" timestamp="2023-02-21T09:29:03 IST" skipped="0">
  <testcase classname="testScripts.PlayCourseVideo" name="playVideo" time="29.593"/>
  <system-out/>
</testsuite> <!-- testScripts.PlayCourseVideo -->
